{"C:\\Users\\nowja\\Documents\\Projects\\planner-front\\config.js": {"path":"C:\\Users\\nowja\\Documents\\Projects\\planner-front\\config.js","statementMap":{"0":{"start":{"line":1,"column":15},"end":{"line":5,"column":1}}},"fnMap":{},"branchMap":{},"s":{"0":4},"f":{},"b":{},"_coverageSchema":"1a1c01bbd47fc00a2c39e90264f33305004495a9","hash":"6cc69079084202cd288801541daf2b3d030cdd7c"}
,"C:\\Users\\nowja\\Documents\\Projects\\planner-front\\screens\\Login.js": {"path":"C:\\Users\\nowja\\Documents\\Projects\\planner-front\\screens\\Login.js","statementMap":{"0":{"start":{"line":26,"column":21},"end":{"line":26,"column":31}},"1":{"start":{"line":28,"column":30},"end":{"line":28,"column":48}},"2":{"start":{"line":29,"column":36},"end":{"line":29,"column":54}},"3":{"start":{"line":30,"column":40},"end":{"line":30,"column":58}},"4":{"start":{"line":31,"column":46},"end":{"line":31,"column":64}},"5":{"start":{"line":32,"column":38},"end":{"line":32,"column":59}},"6":{"start":{"line":34,"column":42},"end":{"line":34,"column":63}},"7":{"start":{"line":35,"column":44},"end":{"line":35,"column":65}},"8":{"start":{"line":36,"column":68},"end":{"line":36,"column":89}},"9":{"start":{"line":37,"column":54},"end":{"line":37,"column":75}},"10":{"start":{"line":40,"column":54},"end":{"line":40,"column":74}},"11":{"start":{"line":42,"column":33},"end":{"line":44,"column":5}},"12":{"start":{"line":43,"column":8},"end":{"line":43,"column":39}},"13":{"start":{"line":46,"column":29},"end":{"line":48,"column":5}},"14":{"start":{"line":47,"column":8},"end":{"line":47,"column":49}},"15":{"start":{"line":50,"column":33},"end":{"line":52,"column":5}},"16":{"start":{"line":51,"column":8},"end":{"line":51,"column":63}},"17":{"start":{"line":55,"column":30},"end":{"line":55,"column":50}},"18":{"start":{"line":56,"column":8},"end":{"line":56,"column":44}},"19":{"start":{"line":60,"column":27},"end":{"line":60,"column":55}},"20":{"start":{"line":61,"column":8},"end":{"line":61,"column":38}},"21":{"start":{"line":64,"column":17},"end":{"line":96,"column":5}},"22":{"start":{"line":66,"column":8},"end":{"line":95,"column":9}},"23":{"start":{"line":67,"column":12},"end":{"line":92,"column":18}},"24":{"start":{"line":75,"column":20},"end":{"line":91,"column":27}},"25":{"start":{"line":77,"column":28},"end":{"line":90,"column":29}},"26":{"start":{"line":79,"column":32},"end":{"line":79,"column":65}},"27":{"start":{"line":80,"column":32},"end":{"line":80,"column":53}},"28":{"start":{"line":83,"column":32},"end":{"line":83,"column":51}},"29":{"start":{"line":84,"column":89},"end":{"line":84,"column":93}},"30":{"start":{"line":85,"column":32},"end":{"line":88,"column":41}},"31":{"start":{"line":86,"column":36},"end":{"line":86,"column":56}},"32":{"start":{"line":87,"column":36},"end":{"line":87,"column":78}},"33":{"start":{"line":94,"column":12},"end":{"line":94,"column":33}},"34":{"start":{"line":97,"column":24},"end":{"line":115,"column":5}},"35":{"start":{"line":99,"column":8},"end":{"line":104,"column":9}},"36":{"start":{"line":100,"column":12},"end":{"line":100,"column":51}},"37":{"start":{"line":101,"column":12},"end":{"line":101,"column":19}},"38":{"start":{"line":103,"column":12},"end":{"line":103,"column":30}},"39":{"start":{"line":107,"column":8},"end":{"line":112,"column":9}},"40":{"start":{"line":108,"column":12},"end":{"line":108,"column":76}},"41":{"start":{"line":109,"column":12},"end":{"line":109,"column":19}},"42":{"start":{"line":111,"column":12},"end":{"line":111,"column":33}},"43":{"start":{"line":114,"column":8},"end":{"line":114,"column":15}},"44":{"start":{"line":116,"column":25},"end":{"line":116,"column":60}},"45":{"start":{"line":117,"column":25},"end":{"line":117,"column":79}},"46":{"start":{"line":119,"column":4},"end":{"line":140,"column":11}},"47":{"start":{"line":120,"column":40},"end":{"line":126,"column":10}},"48":{"start":{"line":121,"column":12},"end":{"line":125,"column":23}},"49":{"start":{"line":128,"column":40},"end":{"line":134,"column":10}},"50":{"start":{"line":129,"column":12},"end":{"line":133,"column":23}},"51":{"start":{"line":136,"column":8},"end":{"line":139,"column":10}},"52":{"start":{"line":137,"column":12},"end":{"line":137,"column":45}},"53":{"start":{"line":138,"column":12},"end":{"line":138,"column":45}},"54":{"start":{"line":143,"column":27},"end":{"line":160,"column":5}},"55":{"start":{"line":144,"column":8},"end":{"line":159,"column":15}},"56":{"start":{"line":153,"column":32},"end":{"line":153,"column":47}},"57":{"start":{"line":155,"column":16},"end":{"line":155,"column":45}},"58":{"start":{"line":156,"column":16},"end":{"line":156,"column":39}},"59":{"start":{"line":163,"column":44},"end":{"line":163,"column":64}},"60":{"start":{"line":164,"column":44},"end":{"line":164,"column":64}},"61":{"start":{"line":165,"column":33},"end":{"line":169,"column":9}},"62":{"start":{"line":166,"column":12},"end":{"line":166,"column":39}},"63":{"start":{"line":167,"column":12},"end":{"line":167,"column":36}},"64":{"start":{"line":168,"column":12},"end":{"line":168,"column":40}},"65":{"start":{"line":170,"column":33},"end":{"line":173,"column":9}},"66":{"start":{"line":171,"column":12},"end":{"line":171,"column":36}},"67":{"start":{"line":172,"column":12},"end":{"line":172,"column":40}},"68":{"start":{"line":175,"column":29},"end":{"line":175,"column":86}},"69":{"start":{"line":177,"column":29},"end":{"line":177,"column":83}},"70":{"start":{"line":179,"column":8},"end":{"line":200,"column":15}},"71":{"start":{"line":180,"column":44},"end":{"line":186,"column":14}},"72":{"start":{"line":181,"column":16},"end":{"line":185,"column":27}},"73":{"start":{"line":188,"column":44},"end":{"line":194,"column":14}},"74":{"start":{"line":189,"column":16},"end":{"line":193,"column":27}},"75":{"start":{"line":196,"column":12},"end":{"line":199,"column":14}},"76":{"start":{"line":197,"column":16},"end":{"line":197,"column":49}},"77":{"start":{"line":198,"column":16},"end":{"line":198,"column":49}},"78":{"start":{"line":203,"column":8},"end":{"line":236,"column":10}},"79":{"start":{"line":225,"column":55},"end":{"line":225,"column":75}},"80":{"start":{"line":240,"column":44},"end":{"line":240,"column":64}},"81":{"start":{"line":242,"column":27},"end":{"line":245,"column":9}},"82":{"start":{"line":243,"column":12},"end":{"line":243,"column":35}},"83":{"start":{"line":244,"column":12},"end":{"line":244,"column":33}},"84":{"start":{"line":247,"column":8},"end":{"line":263,"column":10}},"85":{"start":{"line":267,"column":44},"end":{"line":267,"column":64}},"86":{"start":{"line":269,"column":27},"end":{"line":272,"column":9}},"87":{"start":{"line":270,"column":12},"end":{"line":270,"column":35}},"88":{"start":{"line":271,"column":12},"end":{"line":271,"column":47}},"89":{"start":{"line":274,"column":8},"end":{"line":290,"column":10}},"90":{"start":{"line":295,"column":8},"end":{"line":306,"column":10}},"91":{"start":{"line":309,"column":4},"end":{"line":373,"column":6}},"92":{"start":{"line":320,"column":51},"end":{"line":320,"column":66}},"93":{"start":{"line":333,"column":54},"end":{"line":333,"column":75}},"94":{"start":{"line":360,"column":59},"end":{"line":360,"column":88}},"95":{"start":{"line":366,"column":59},"end":{"line":366,"column":77}},"96":{"start":{"line":376,"column":15},"end":{"line":403,"column":2}}},"fnMap":{"0":{"name":"LoginScreen","decl":{"start":{"line":24,"column":9},"end":{"line":24,"column":20}},"loc":{"start":{"line":24,"column":35},"end":{"line":374,"column":1}},"line":24},"1":{"name":"(anonymous_1)","decl":{"start":{"line":42,"column":33},"end":{"line":42,"column":34}},"loc":{"start":{"line":42,"column":39},"end":{"line":44,"column":5}},"line":42},"2":{"name":"(anonymous_2)","decl":{"start":{"line":46,"column":29},"end":{"line":46,"column":30}},"loc":{"start":{"line":46,"column":35},"end":{"line":48,"column":5}},"line":46},"3":{"name":"(anonymous_3)","decl":{"start":{"line":50,"column":33},"end":{"line":50,"column":34}},"loc":{"start":{"line":50,"column":39},"end":{"line":52,"column":5}},"line":50},"4":{"name":"isValidPassword","decl":{"start":{"line":54,"column":13},"end":{"line":54,"column":28}},"loc":{"start":{"line":54,"column":39},"end":{"line":57,"column":5}},"line":54},"5":{"name":"isValidEmail","decl":{"start":{"line":59,"column":13},"end":{"line":59,"column":25}},"loc":{"start":{"line":59,"column":33},"end":{"line":62,"column":5}},"line":59},"6":{"name":"(anonymous_6)","decl":{"start":{"line":64,"column":17},"end":{"line":64,"column":18}},"loc":{"start":{"line":64,"column":29},"end":{"line":96,"column":5}},"line":64},"7":{"name":"(anonymous_7)","decl":{"start":{"line":74,"column":22},"end":{"line":74,"column":23}},"loc":{"start":{"line":74,"column":34},"end":{"line":92,"column":17}},"line":74},"8":{"name":"(anonymous_8)","decl":{"start":{"line":76,"column":30},"end":{"line":76,"column":31}},"loc":{"start":{"line":76,"column":38},"end":{"line":91,"column":25}},"line":76},"9":{"name":"(anonymous_9)","decl":{"start":{"line":85,"column":43},"end":{"line":85,"column":44}},"loc":{"start":{"line":85,"column":49},"end":{"line":88,"column":33}},"line":85},"10":{"name":"(anonymous_10)","decl":{"start":{"line":97,"column":24},"end":{"line":97,"column":25}},"loc":{"start":{"line":97,"column":30},"end":{"line":115,"column":5}},"line":97},"11":{"name":"(anonymous_11)","decl":{"start":{"line":119,"column":20},"end":{"line":119,"column":21}},"loc":{"start":{"line":119,"column":26},"end":{"line":140,"column":5}},"line":119},"12":{"name":"(anonymous_12)","decl":{"start":{"line":120,"column":80},"end":{"line":120,"column":81}},"loc":{"start":{"line":120,"column":87},"end":{"line":126,"column":9}},"line":120},"13":{"name":"(anonymous_13)","decl":{"start":{"line":128,"column":80},"end":{"line":128,"column":81}},"loc":{"start":{"line":128,"column":86},"end":{"line":134,"column":9}},"line":128},"14":{"name":"(anonymous_14)","decl":{"start":{"line":136,"column":15},"end":{"line":136,"column":16}},"loc":{"start":{"line":136,"column":21},"end":{"line":139,"column":9}},"line":136},"15":{"name":"(anonymous_15)","decl":{"start":{"line":143,"column":27},"end":{"line":143,"column":28}},"loc":{"start":{"line":143,"column":44},"end":{"line":160,"column":5}},"line":143},"16":{"name":"(anonymous_16)","decl":{"start":{"line":153,"column":20},"end":{"line":153,"column":21}},"loc":{"start":{"line":153,"column":32},"end":{"line":153,"column":47}},"line":153},"17":{"name":"(anonymous_17)","decl":{"start":{"line":154,"column":18},"end":{"line":154,"column":19}},"loc":{"start":{"line":154,"column":26},"end":{"line":157,"column":13}},"line":154},"18":{"name":"(anonymous_18)","decl":{"start":{"line":158,"column":19},"end":{"line":158,"column":20}},"loc":{"start":{"line":158,"column":26},"end":{"line":159,"column":13}},"line":158},"19":{"name":"ChangeEmailDialog","decl":{"start":{"line":162,"column":13},"end":{"line":162,"column":30}},"loc":{"start":{"line":162,"column":33},"end":{"line":237,"column":5}},"line":162},"20":{"name":"(anonymous_20)","decl":{"start":{"line":165,"column":33},"end":{"line":165,"column":34}},"loc":{"start":{"line":165,"column":39},"end":{"line":169,"column":9}},"line":165},"21":{"name":"(anonymous_21)","decl":{"start":{"line":170,"column":33},"end":{"line":170,"column":34}},"loc":{"start":{"line":170,"column":39},"end":{"line":173,"column":9}},"line":170},"22":{"name":"(anonymous_22)","decl":{"start":{"line":179,"column":24},"end":{"line":179,"column":25}},"loc":{"start":{"line":179,"column":30},"end":{"line":200,"column":9}},"line":179},"23":{"name":"(anonymous_23)","decl":{"start":{"line":180,"column":84},"end":{"line":180,"column":85}},"loc":{"start":{"line":180,"column":91},"end":{"line":186,"column":13}},"line":180},"24":{"name":"(anonymous_24)","decl":{"start":{"line":188,"column":84},"end":{"line":188,"column":85}},"loc":{"start":{"line":188,"column":90},"end":{"line":194,"column":13}},"line":188},"25":{"name":"(anonymous_25)","decl":{"start":{"line":196,"column":19},"end":{"line":196,"column":20}},"loc":{"start":{"line":196,"column":25},"end":{"line":199,"column":13}},"line":196},"26":{"name":"(anonymous_26)","decl":{"start":{"line":225,"column":46},"end":{"line":225,"column":47}},"loc":{"start":{"line":225,"column":55},"end":{"line":225,"column":75}},"line":225},"27":{"name":"ErrorDialog","decl":{"start":{"line":239,"column":13},"end":{"line":239,"column":24}},"loc":{"start":{"line":239,"column":27},"end":{"line":264,"column":5}},"line":239},"28":{"name":"(anonymous_28)","decl":{"start":{"line":242,"column":27},"end":{"line":242,"column":28}},"loc":{"start":{"line":242,"column":33},"end":{"line":245,"column":9}},"line":242},"29":{"name":"ForgotPasswordDialog","decl":{"start":{"line":266,"column":13},"end":{"line":266,"column":33}},"loc":{"start":{"line":266,"column":36},"end":{"line":291,"column":5}},"line":266},"30":{"name":"(anonymous_30)","decl":{"start":{"line":269,"column":27},"end":{"line":269,"column":28}},"loc":{"start":{"line":269,"column":33},"end":{"line":272,"column":9}},"line":269},"31":{"name":"LoadingDialog","decl":{"start":{"line":293,"column":13},"end":{"line":293,"column":26}},"loc":{"start":{"line":293,"column":29},"end":{"line":307,"column":5}},"line":293},"32":{"name":"(anonymous_32)","decl":{"start":{"line":320,"column":42},"end":{"line":320,"column":43}},"loc":{"start":{"line":320,"column":51},"end":{"line":320,"column":66}},"line":320},"33":{"name":"(anonymous_33)","decl":{"start":{"line":333,"column":42},"end":{"line":333,"column":43}},"loc":{"start":{"line":333,"column":54},"end":{"line":333,"column":75}},"line":333},"34":{"name":"(anonymous_34)","decl":{"start":{"line":360,"column":53},"end":{"line":360,"column":54}},"loc":{"start":{"line":360,"column":59},"end":{"line":360,"column":88}},"line":360},"35":{"name":"(anonymous_35)","decl":{"start":{"line":366,"column":53},"end":{"line":366,"column":54}},"loc":{"start":{"line":366,"column":59},"end":{"line":366,"column":77}},"line":366}},"branchMap":{"0":{"loc":{"start":{"line":77,"column":28},"end":{"line":90,"column":29}},"type":"if","locations":[{"start":{"line":77,"column":28},"end":{"line":90,"column":29}},{"start":{"line":81,"column":35},"end":{"line":90,"column":29}}],"line":77},"1":{"loc":{"start":{"line":99,"column":8},"end":{"line":104,"column":9}},"type":"if","locations":[{"start":{"line":99,"column":8},"end":{"line":104,"column":9}},{"start":{"line":102,"column":15},"end":{"line":104,"column":9}}],"line":99},"2":{"loc":{"start":{"line":107,"column":8},"end":{"line":112,"column":9}},"type":"if","locations":[{"start":{"line":107,"column":8},"end":{"line":112,"column":9}},{"start":{"line":110,"column":15},"end":{"line":112,"column":9}}],"line":107},"3":{"loc":{"start":{"line":323,"column":25},"end":{"line":324,"column":58}},"type":"cond-expr","locations":[{"start":{"line":323,"column":38},"end":{"line":323,"column":96}},{"start":{"line":324,"column":28},"end":{"line":324,"column":58}}],"line":323},"4":{"loc":{"start":{"line":338,"column":25},"end":{"line":339,"column":61}},"type":"cond-expr","locations":[{"start":{"line":338,"column":41},"end":{"line":338,"column":102}},{"start":{"line":339,"column":28},"end":{"line":339,"column":61}}],"line":338},"5":{"loc":{"start":{"line":346,"column":21},"end":{"line":347,"column":38}},"type":"binary-expr","locations":[{"start":{"line":346,"column":21},"end":{"line":346,"column":32}},{"start":{"line":347,"column":24},"end":{"line":347,"column":38}}],"line":346},"6":{"loc":{"start":{"line":350,"column":24},"end":{"line":351,"column":40}},"type":"binary-expr","locations":[{"start":{"line":350,"column":24},"end":{"line":350,"column":33}},{"start":{"line":351,"column":24},"end":{"line":351,"column":40}}],"line":350},"7":{"loc":{"start":{"line":353,"column":21},"end":{"line":353,"column":72}},"type":"binary-expr","locations":[{"start":{"line":353,"column":21},"end":{"line":353,"column":45}},{"start":{"line":353,"column":49},"end":{"line":353,"column":72}}],"line":353},"8":{"loc":{"start":{"line":354,"column":21},"end":{"line":354,"column":62}},"type":"binary-expr","locations":[{"start":{"line":354,"column":21},"end":{"line":354,"column":38}},{"start":{"line":354,"column":42},"end":{"line":354,"column":62}}],"line":354}},"s":{"0":10,"1":10,"2":10,"3":10,"4":10,"5":10,"6":10,"7":10,"8":10,"9":10,"10":10,"11":10,"12":0,"13":10,"14":0,"15":10,"16":0,"17":1,"18":1,"19":1,"20":1,"21":10,"22":1,"23":1,"24":1,"25":1,"26":0,"27":0,"28":1,"29":1,"30":1,"31":0,"32":0,"33":0,"34":10,"35":1,"36":0,"37":0,"38":1,"39":1,"40":0,"41":0,"42":1,"43":1,"44":10,"45":10,"46":10,"47":4,"48":0,"49":4,"50":0,"51":4,"52":4,"53":4,"54":10,"55":0,"56":0,"57":0,"58":0,"59":0,"60":0,"61":0,"62":0,"63":0,"64":0,"65":0,"66":0,"67":0,"68":0,"69":0,"70":0,"71":0,"72":0,"73":0,"74":0,"75":0,"76":0,"77":0,"78":0,"79":0,"80":0,"81":0,"82":0,"83":0,"84":0,"85":0,"86":0,"87":0,"88":0,"89":0,"90":1,"91":10,"92":2,"93":2,"94":0,"95":0,"96":1},"f":{"0":10,"1":0,"2":0,"3":0,"4":1,"5":1,"6":1,"7":1,"8":1,"9":0,"10":1,"11":4,"12":0,"13":0,"14":4,"15":0,"16":0,"17":0,"18":0,"19":0,"20":0,"21":0,"22":0,"23":0,"24":0,"25":0,"26":0,"27":0,"28":0,"29":0,"30":0,"31":1,"32":2,"33":2,"34":0,"35":0},"b":{"0":[0,1],"1":[0,1],"2":[0,1],"3":[0,10],"4":[0,10],"5":[10,0],"6":[10,1],"7":[10,0],"8":[10,0]},"_coverageSchema":"1a1c01bbd47fc00a2c39e90264f33305004495a9","hash":"e89d830c517edbbe8696921de5fe3167163ce2e4"}
,"C:\\Users\\nowja\\Documents\\Projects\\planner-front\\screens\\Profile.js": {"path":"C:\\Users\\nowja\\Documents\\Projects\\planner-front\\screens\\Profile.js","statementMap":{"0":{"start":{"line":9,"column":34},"end":{"line":9,"column":38}},"1":{"start":{"line":10,"column":21},"end":{"line":10,"column":31}},"2":{"start":{"line":11,"column":36},"end":{"line":11,"column":56}},"3":{"start":{"line":12,"column":50},"end":{"line":12,"column":70}},"4":{"start":{"line":15,"column":60},"end":{"line":15,"column":81}},"5":{"start":{"line":16,"column":32},"end":{"line":18,"column":5}},"6":{"start":{"line":17,"column":8},"end":{"line":17,"column":55}},"7":{"start":{"line":20,"column":54},"end":{"line":20,"column":75}},"8":{"start":{"line":21,"column":29},"end":{"line":23,"column":5}},"9":{"start":{"line":22,"column":8},"end":{"line":22,"column":49}},"10":{"start":{"line":25,"column":56},"end":{"line":25,"column":77}},"11":{"start":{"line":26,"column":30},"end":{"line":28,"column":5}},"12":{"start":{"line":27,"column":8},"end":{"line":27,"column":51}},"13":{"start":{"line":31,"column":27},"end":{"line":48,"column":5}},"14":{"start":{"line":32,"column":8},"end":{"line":47,"column":15}},"15":{"start":{"line":43,"column":32},"end":{"line":43,"column":47}},"16":{"start":{"line":49,"column":24},"end":{"line":66,"column":5}},"17":{"start":{"line":50,"column":8},"end":{"line":65,"column":15}},"18":{"start":{"line":60,"column":32},"end":{"line":60,"column":47}},"19":{"start":{"line":62,"column":16},"end":{"line":62,"column":45}},"20":{"start":{"line":67,"column":31},"end":{"line":81,"column":5}},"21":{"start":{"line":68,"column":8},"end":{"line":80,"column":9}},"22":{"start":{"line":69,"column":29},"end":{"line":75,"column":14}},"23":{"start":{"line":77,"column":25},"end":{"line":77,"column":46}},"24":{"start":{"line":78,"column":12},"end":{"line":78,"column":32}},"25":{"start":{"line":85,"column":44},"end":{"line":85,"column":64}},"26":{"start":{"line":86,"column":44},"end":{"line":86,"column":64}},"27":{"start":{"line":87,"column":33},"end":{"line":91,"column":9}},"28":{"start":{"line":88,"column":12},"end":{"line":88,"column":36}},"29":{"start":{"line":89,"column":12},"end":{"line":89,"column":40}},"30":{"start":{"line":90,"column":12},"end":{"line":90,"column":36}},"31":{"start":{"line":92,"column":33},"end":{"line":95,"column":9}},"32":{"start":{"line":93,"column":12},"end":{"line":93,"column":36}},"33":{"start":{"line":94,"column":12},"end":{"line":94,"column":40}},"34":{"start":{"line":97,"column":29},"end":{"line":97,"column":86}},"35":{"start":{"line":99,"column":29},"end":{"line":99,"column":83}},"36":{"start":{"line":101,"column":8},"end":{"line":122,"column":15}},"37":{"start":{"line":102,"column":44},"end":{"line":108,"column":14}},"38":{"start":{"line":103,"column":16},"end":{"line":107,"column":27}},"39":{"start":{"line":110,"column":44},"end":{"line":116,"column":14}},"40":{"start":{"line":111,"column":16},"end":{"line":115,"column":27}},"41":{"start":{"line":118,"column":12},"end":{"line":121,"column":14}},"42":{"start":{"line":119,"column":16},"end":{"line":119,"column":49}},"43":{"start":{"line":120,"column":16},"end":{"line":120,"column":49}},"44":{"start":{"line":125,"column":8},"end":{"line":158,"column":10}},"45":{"start":{"line":147,"column":55},"end":{"line":147,"column":75}},"46":{"start":{"line":162,"column":50},"end":{"line":162,"column":70}},"47":{"start":{"line":163,"column":64},"end":{"line":163,"column":84}},"48":{"start":{"line":164,"column":48},"end":{"line":164,"column":69}},"49":{"start":{"line":165,"column":62},"end":{"line":165,"column":83}},"50":{"start":{"line":166,"column":37},"end":{"line":168,"column":9}},"51":{"start":{"line":167,"column":12},"end":{"line":167,"column":43}},"52":{"start":{"line":169,"column":44},"end":{"line":171,"column":9}},"53":{"start":{"line":170,"column":12},"end":{"line":170,"column":57}},"54":{"start":{"line":172,"column":44},"end":{"line":172,"column":64}},"55":{"start":{"line":173,"column":33},"end":{"line":179,"column":9}},"56":{"start":{"line":174,"column":12},"end":{"line":174,"column":36}},"57":{"start":{"line":175,"column":12},"end":{"line":175,"column":43}},"58":{"start":{"line":176,"column":12},"end":{"line":176,"column":39}},"59":{"start":{"line":177,"column":12},"end":{"line":177,"column":53}},"60":{"start":{"line":178,"column":12},"end":{"line":178,"column":29}},"61":{"start":{"line":180,"column":33},"end":{"line":183,"column":9}},"62":{"start":{"line":181,"column":12},"end":{"line":181,"column":36}},"63":{"start":{"line":182,"column":12},"end":{"line":182,"column":43}},"64":{"start":{"line":185,"column":29},"end":{"line":185,"column":86}},"65":{"start":{"line":187,"column":29},"end":{"line":187,"column":83}},"66":{"start":{"line":189,"column":8},"end":{"line":210,"column":15}},"67":{"start":{"line":190,"column":44},"end":{"line":196,"column":14}},"68":{"start":{"line":191,"column":16},"end":{"line":195,"column":27}},"69":{"start":{"line":198,"column":44},"end":{"line":204,"column":14}},"70":{"start":{"line":199,"column":16},"end":{"line":203,"column":27}},"71":{"start":{"line":206,"column":12},"end":{"line":209,"column":14}},"72":{"start":{"line":207,"column":16},"end":{"line":207,"column":49}},"73":{"start":{"line":208,"column":16},"end":{"line":208,"column":49}},"74":{"start":{"line":213,"column":8},"end":{"line":257,"column":10}},"75":{"start":{"line":237,"column":63},"end":{"line":237,"column":94}},"76":{"start":{"line":246,"column":70},"end":{"line":246,"column":115}},"77":{"start":{"line":261,"column":44},"end":{"line":261,"column":64}},"78":{"start":{"line":262,"column":33},"end":{"line":266,"column":9}},"79":{"start":{"line":263,"column":12},"end":{"line":263,"column":36}},"80":{"start":{"line":264,"column":12},"end":{"line":264,"column":41}},"81":{"start":{"line":265,"column":12},"end":{"line":265,"column":33}},"82":{"start":{"line":267,"column":33},"end":{"line":270,"column":9}},"83":{"start":{"line":268,"column":12},"end":{"line":268,"column":36}},"84":{"start":{"line":269,"column":12},"end":{"line":269,"column":41}},"85":{"start":{"line":271,"column":8},"end":{"line":295,"column":10}},"86":{"start":{"line":299,"column":4},"end":{"line":338,"column":6}},"87":{"start":{"line":314,"column":35},"end":{"line":314,"column":81}},"88":{"start":{"line":321,"column":35},"end":{"line":321,"column":80}},"89":{"start":{"line":327,"column":35},"end":{"line":327,"column":82}},"90":{"start":{"line":332,"column":35},"end":{"line":332,"column":63}},"91":{"start":{"line":333,"column":35},"end":{"line":333,"column":79}},"92":{"start":{"line":342,"column":15},"end":{"line":366,"column":2}}},"fnMap":{"0":{"name":"ProfileScreen","decl":{"start":{"line":7,"column":9},"end":{"line":7,"column":22}},"loc":{"start":{"line":7,"column":65},"end":{"line":339,"column":1}},"line":7},"1":{"name":"(anonymous_1)","decl":{"start":{"line":16,"column":32},"end":{"line":16,"column":33}},"loc":{"start":{"line":16,"column":38},"end":{"line":18,"column":5}},"line":16},"2":{"name":"(anonymous_2)","decl":{"start":{"line":21,"column":29},"end":{"line":21,"column":30}},"loc":{"start":{"line":21,"column":35},"end":{"line":23,"column":5}},"line":21},"3":{"name":"(anonymous_3)","decl":{"start":{"line":26,"column":30},"end":{"line":26,"column":31}},"loc":{"start":{"line":26,"column":36},"end":{"line":28,"column":5}},"line":26},"4":{"name":"(anonymous_4)","decl":{"start":{"line":31,"column":27},"end":{"line":31,"column":28}},"loc":{"start":{"line":31,"column":39},"end":{"line":48,"column":5}},"line":31},"5":{"name":"(anonymous_5)","decl":{"start":{"line":43,"column":20},"end":{"line":43,"column":21}},"loc":{"start":{"line":43,"column":32},"end":{"line":43,"column":47}},"line":43},"6":{"name":"(anonymous_6)","decl":{"start":{"line":44,"column":18},"end":{"line":44,"column":19}},"loc":{"start":{"line":44,"column":26},"end":{"line":45,"column":13}},"line":44},"7":{"name":"(anonymous_7)","decl":{"start":{"line":46,"column":19},"end":{"line":46,"column":20}},"loc":{"start":{"line":46,"column":26},"end":{"line":47,"column":13}},"line":46},"8":{"name":"(anonymous_8)","decl":{"start":{"line":49,"column":24},"end":{"line":49,"column":25}},"loc":{"start":{"line":49,"column":41},"end":{"line":66,"column":5}},"line":49},"9":{"name":"(anonymous_9)","decl":{"start":{"line":60,"column":20},"end":{"line":60,"column":21}},"loc":{"start":{"line":60,"column":32},"end":{"line":60,"column":47}},"line":60},"10":{"name":"(anonymous_10)","decl":{"start":{"line":61,"column":18},"end":{"line":61,"column":19}},"loc":{"start":{"line":61,"column":26},"end":{"line":63,"column":13}},"line":61},"11":{"name":"(anonymous_11)","decl":{"start":{"line":64,"column":19},"end":{"line":64,"column":20}},"loc":{"start":{"line":64,"column":26},"end":{"line":65,"column":13}},"line":64},"12":{"name":"(anonymous_12)","decl":{"start":{"line":67,"column":31},"end":{"line":67,"column":32}},"loc":{"start":{"line":67,"column":43},"end":{"line":81,"column":5}},"line":67},"13":{"name":"ChangeEmailDialog","decl":{"start":{"line":84,"column":13},"end":{"line":84,"column":30}},"loc":{"start":{"line":84,"column":33},"end":{"line":159,"column":5}},"line":84},"14":{"name":"(anonymous_14)","decl":{"start":{"line":87,"column":33},"end":{"line":87,"column":34}},"loc":{"start":{"line":87,"column":39},"end":{"line":91,"column":9}},"line":87},"15":{"name":"(anonymous_15)","decl":{"start":{"line":92,"column":33},"end":{"line":92,"column":34}},"loc":{"start":{"line":92,"column":39},"end":{"line":95,"column":9}},"line":92},"16":{"name":"(anonymous_16)","decl":{"start":{"line":101,"column":24},"end":{"line":101,"column":25}},"loc":{"start":{"line":101,"column":30},"end":{"line":122,"column":9}},"line":101},"17":{"name":"(anonymous_17)","decl":{"start":{"line":102,"column":84},"end":{"line":102,"column":85}},"loc":{"start":{"line":102,"column":91},"end":{"line":108,"column":13}},"line":102},"18":{"name":"(anonymous_18)","decl":{"start":{"line":110,"column":84},"end":{"line":110,"column":85}},"loc":{"start":{"line":110,"column":90},"end":{"line":116,"column":13}},"line":110},"19":{"name":"(anonymous_19)","decl":{"start":{"line":118,"column":19},"end":{"line":118,"column":20}},"loc":{"start":{"line":118,"column":25},"end":{"line":121,"column":13}},"line":118},"20":{"name":"(anonymous_20)","decl":{"start":{"line":147,"column":46},"end":{"line":147,"column":47}},"loc":{"start":{"line":147,"column":55},"end":{"line":147,"column":75}},"line":147},"21":{"name":"ChangePasswordDialog","decl":{"start":{"line":161,"column":13},"end":{"line":161,"column":33}},"loc":{"start":{"line":161,"column":36},"end":{"line":258,"column":5}},"line":161},"22":{"name":"(anonymous_22)","decl":{"start":{"line":166,"column":37},"end":{"line":166,"column":38}},"loc":{"start":{"line":166,"column":43},"end":{"line":168,"column":9}},"line":166},"23":{"name":"(anonymous_23)","decl":{"start":{"line":169,"column":44},"end":{"line":169,"column":45}},"loc":{"start":{"line":169,"column":50},"end":{"line":171,"column":9}},"line":169},"24":{"name":"(anonymous_24)","decl":{"start":{"line":173,"column":33},"end":{"line":173,"column":34}},"loc":{"start":{"line":173,"column":39},"end":{"line":179,"column":9}},"line":173},"25":{"name":"(anonymous_25)","decl":{"start":{"line":180,"column":33},"end":{"line":180,"column":34}},"loc":{"start":{"line":180,"column":39},"end":{"line":183,"column":9}},"line":180},"26":{"name":"(anonymous_26)","decl":{"start":{"line":189,"column":24},"end":{"line":189,"column":25}},"loc":{"start":{"line":189,"column":30},"end":{"line":210,"column":9}},"line":189},"27":{"name":"(anonymous_27)","decl":{"start":{"line":190,"column":84},"end":{"line":190,"column":85}},"loc":{"start":{"line":190,"column":91},"end":{"line":196,"column":13}},"line":190},"28":{"name":"(anonymous_28)","decl":{"start":{"line":198,"column":84},"end":{"line":198,"column":85}},"loc":{"start":{"line":198,"column":90},"end":{"line":204,"column":13}},"line":198},"29":{"name":"(anonymous_29)","decl":{"start":{"line":206,"column":19},"end":{"line":206,"column":20}},"loc":{"start":{"line":206,"column":25},"end":{"line":209,"column":13}},"line":206},"30":{"name":"(anonymous_30)","decl":{"start":{"line":237,"column":46},"end":{"line":237,"column":47}},"loc":{"start":{"line":237,"column":63},"end":{"line":237,"column":94}},"line":237},"31":{"name":"(anonymous_31)","decl":{"start":{"line":246,"column":46},"end":{"line":246,"column":47}},"loc":{"start":{"line":246,"column":70},"end":{"line":246,"column":115}},"line":246},"32":{"name":"DeleteDialog","decl":{"start":{"line":260,"column":13},"end":{"line":260,"column":25}},"loc":{"start":{"line":260,"column":28},"end":{"line":296,"column":5}},"line":260},"33":{"name":"(anonymous_33)","decl":{"start":{"line":262,"column":33},"end":{"line":262,"column":34}},"loc":{"start":{"line":262,"column":39},"end":{"line":266,"column":9}},"line":262},"34":{"name":"(anonymous_34)","decl":{"start":{"line":267,"column":33},"end":{"line":267,"column":34}},"loc":{"start":{"line":267,"column":39},"end":{"line":270,"column":9}},"line":267},"35":{"name":"(anonymous_35)","decl":{"start":{"line":314,"column":26},"end":{"line":314,"column":27}},"loc":{"start":{"line":314,"column":35},"end":{"line":314,"column":81}},"line":314},"36":{"name":"(anonymous_36)","decl":{"start":{"line":321,"column":26},"end":{"line":321,"column":27}},"loc":{"start":{"line":321,"column":35},"end":{"line":321,"column":80}},"line":321},"37":{"name":"(anonymous_37)","decl":{"start":{"line":327,"column":26},"end":{"line":327,"column":27}},"loc":{"start":{"line":327,"column":35},"end":{"line":327,"column":82}},"line":327},"38":{"name":"(anonymous_38)","decl":{"start":{"line":332,"column":29},"end":{"line":332,"column":30}},"loc":{"start":{"line":332,"column":35},"end":{"line":332,"column":63}},"line":332},"39":{"name":"(anonymous_39)","decl":{"start":{"line":333,"column":26},"end":{"line":333,"column":27}},"loc":{"start":{"line":333,"column":35},"end":{"line":333,"column":79}},"line":333}},"branchMap":{"0":{"loc":{"start":{"line":302,"column":13},"end":{"line":302,"column":60}},"type":"binary-expr","locations":[{"start":{"line":302,"column":13},"end":{"line":302,"column":33}},{"start":{"line":302,"column":37},"end":{"line":302,"column":60}}],"line":302},"1":{"loc":{"start":{"line":303,"column":13},"end":{"line":303,"column":50}},"type":"binary-expr","locations":[{"start":{"line":303,"column":13},"end":{"line":303,"column":31}},{"start":{"line":303,"column":35},"end":{"line":303,"column":50}}],"line":303},"2":{"loc":{"start":{"line":304,"column":13},"end":{"line":304,"column":54}},"type":"binary-expr","locations":[{"start":{"line":304,"column":13},"end":{"line":304,"column":30}},{"start":{"line":304,"column":34},"end":{"line":304,"column":54}}],"line":304}},"s":{"0":13,"1":13,"2":13,"3":13,"4":13,"5":13,"6":1,"7":13,"8":13,"9":1,"10":13,"11":13,"12":1,"13":13,"14":1,"15":1,"16":13,"17":1,"18":1,"19":1,"20":13,"21":1,"22":1,"23":1,"24":1,"25":2,"26":2,"27":2,"28":1,"29":1,"30":1,"31":2,"32":0,"33":0,"34":2,"35":2,"36":2,"37":1,"38":0,"39":1,"40":0,"41":1,"42":1,"43":1,"44":2,"45":1,"46":3,"47":3,"48":3,"49":3,"50":3,"51":0,"52":3,"53":0,"54":3,"55":3,"56":1,"57":1,"58":1,"59":1,"60":1,"61":3,"62":0,"63":0,"64":3,"65":3,"66":3,"67":1,"68":0,"69":1,"70":0,"71":1,"72":1,"73":1,"74":3,"75":1,"76":1,"77":1,"78":1,"79":1,"80":1,"81":1,"82":1,"83":0,"84":0,"85":1,"86":13,"87":13,"88":13,"89":13,"90":0,"91":13,"92":1},"f":{"0":13,"1":1,"2":1,"3":1,"4":1,"5":1,"6":1,"7":0,"8":1,"9":1,"10":1,"11":1,"12":1,"13":2,"14":1,"15":0,"16":1,"17":0,"18":0,"19":1,"20":1,"21":3,"22":0,"23":0,"24":1,"25":0,"26":1,"27":0,"28":0,"29":1,"30":1,"31":1,"32":1,"33":1,"34":0,"35":13,"36":13,"37":13,"38":0,"39":13},"b":{"0":[13,1],"1":[13,1],"2":[13,1]},"_coverageSchema":"1a1c01bbd47fc00a2c39e90264f33305004495a9","hash":"2d0f6c125c1843aaa6004c0313ab5b3eb277fee1"}
,"C:\\Users\\nowja\\Documents\\Projects\\planner-front\\screens\\Signup.js": {"path":"C:\\Users\\nowja\\Documents\\Projects\\planner-front\\screens\\Signup.js","statementMap":{"0":{"start":{"line":9,"column":30},"end":{"line":9,"column":48}},"1":{"start":{"line":10,"column":36},"end":{"line":10,"column":54}},"2":{"start":{"line":11,"column":50},"end":{"line":11,"column":68}},"3":{"start":{"line":12,"column":40},"end":{"line":12,"column":58}},"4":{"start":{"line":13,"column":46},"end":{"line":13,"column":64}},"5":{"start":{"line":14,"column":44},"end":{"line":14,"column":62}},"6":{"start":{"line":16,"column":42},"end":{"line":16,"column":63}},"7":{"start":{"line":17,"column":44},"end":{"line":17,"column":65}},"8":{"start":{"line":18,"column":58},"end":{"line":18,"column":79}},"9":{"start":{"line":19,"column":64},"end":{"line":19,"column":85}},"10":{"start":{"line":22,"column":30},"end":{"line":22,"column":50}},"11":{"start":{"line":23,"column":8},"end":{"line":23,"column":44}},"12":{"start":{"line":27,"column":27},"end":{"line":27,"column":55}},"13":{"start":{"line":28,"column":8},"end":{"line":28,"column":38}},"14":{"start":{"line":31,"column":17},"end":{"line":54,"column":5}},"15":{"start":{"line":32,"column":8},"end":{"line":53,"column":9}},"16":{"start":{"line":33,"column":12},"end":{"line":50,"column":18}},"17":{"start":{"line":41,"column":20},"end":{"line":49,"column":27}},"18":{"start":{"line":43,"column":28},"end":{"line":48,"column":29}},"19":{"start":{"line":45,"column":32},"end":{"line":45,"column":53}},"20":{"start":{"line":47,"column":32},"end":{"line":47,"column":64}},"21":{"start":{"line":52,"column":12},"end":{"line":52,"column":33}},"22":{"start":{"line":55,"column":25},"end":{"line":82,"column":5}},"23":{"start":{"line":57,"column":8},"end":{"line":62,"column":9}},"24":{"start":{"line":58,"column":12},"end":{"line":58,"column":51}},"25":{"start":{"line":59,"column":12},"end":{"line":59,"column":19}},"26":{"start":{"line":61,"column":12},"end":{"line":61,"column":30}},"27":{"start":{"line":65,"column":8},"end":{"line":70,"column":9}},"28":{"start":{"line":66,"column":12},"end":{"line":66,"column":76}},"29":{"start":{"line":67,"column":12},"end":{"line":67,"column":19}},"30":{"start":{"line":69,"column":12},"end":{"line":69,"column":33}},"31":{"start":{"line":73,"column":8},"end":{"line":78,"column":9}},"32":{"start":{"line":74,"column":12},"end":{"line":74,"column":54}},"33":{"start":{"line":75,"column":12},"end":{"line":75,"column":19}},"34":{"start":{"line":77,"column":12},"end":{"line":77,"column":32}},"35":{"start":{"line":81,"column":8},"end":{"line":81,"column":15}},"36":{"start":{"line":84,"column":25},"end":{"line":84,"column":60}},"37":{"start":{"line":85,"column":25},"end":{"line":85,"column":79}},"38":{"start":{"line":87,"column":4},"end":{"line":112,"column":11}},"39":{"start":{"line":90,"column":40},"end":{"line":96,"column":10}},"40":{"start":{"line":91,"column":12},"end":{"line":95,"column":23}},"41":{"start":{"line":98,"column":40},"end":{"line":104,"column":10}},"42":{"start":{"line":99,"column":12},"end":{"line":103,"column":23}},"43":{"start":{"line":106,"column":8},"end":{"line":106,"column":35}},"44":{"start":{"line":108,"column":8},"end":{"line":111,"column":10}},"45":{"start":{"line":109,"column":12},"end":{"line":109,"column":45}},"46":{"start":{"line":110,"column":12},"end":{"line":110,"column":45}},"47":{"start":{"line":114,"column":33},"end":{"line":116,"column":5}},"48":{"start":{"line":115,"column":8},"end":{"line":115,"column":39}},"49":{"start":{"line":117,"column":40},"end":{"line":119,"column":5}},"50":{"start":{"line":118,"column":8},"end":{"line":118,"column":53}},"51":{"start":{"line":122,"column":44},"end":{"line":122,"column":64}},"52":{"start":{"line":124,"column":27},"end":{"line":127,"column":9}},"53":{"start":{"line":125,"column":12},"end":{"line":125,"column":35}},"54":{"start":{"line":126,"column":12},"end":{"line":126,"column":41}},"55":{"start":{"line":129,"column":8},"end":{"line":145,"column":10}},"56":{"start":{"line":149,"column":44},"end":{"line":149,"column":64}},"57":{"start":{"line":151,"column":27},"end":{"line":154,"column":9}},"58":{"start":{"line":152,"column":12},"end":{"line":152,"column":35}},"59":{"start":{"line":153,"column":12},"end":{"line":153,"column":33}},"60":{"start":{"line":156,"column":8},"end":{"line":172,"column":10}},"61":{"start":{"line":175,"column":4},"end":{"line":243,"column":6}},"62":{"start":{"line":186,"column":51},"end":{"line":186,"column":66}},"63":{"start":{"line":199,"column":54},"end":{"line":199,"column":75}},"64":{"start":{"line":214,"column":61},"end":{"line":214,"column":96}},"65":{"start":{"line":237,"column":55},"end":{"line":237,"column":83}},"66":{"start":{"line":246,"column":15},"end":{"line":268,"column":2}}},"fnMap":{"0":{"name":"SignUpScreen","decl":{"start":{"line":7,"column":9},"end":{"line":7,"column":21}},"loc":{"start":{"line":7,"column":36},"end":{"line":244,"column":1}},"line":7},"1":{"name":"isValidPassword","decl":{"start":{"line":21,"column":13},"end":{"line":21,"column":28}},"loc":{"start":{"line":21,"column":39},"end":{"line":24,"column":5}},"line":21},"2":{"name":"isValidEmail","decl":{"start":{"line":26,"column":13},"end":{"line":26,"column":25}},"loc":{"start":{"line":26,"column":33},"end":{"line":29,"column":5}},"line":26},"3":{"name":"(anonymous_3)","decl":{"start":{"line":31,"column":17},"end":{"line":31,"column":18}},"loc":{"start":{"line":31,"column":29},"end":{"line":54,"column":5}},"line":31},"4":{"name":"(anonymous_4)","decl":{"start":{"line":40,"column":22},"end":{"line":40,"column":23}},"loc":{"start":{"line":40,"column":34},"end":{"line":50,"column":17}},"line":40},"5":{"name":"(anonymous_5)","decl":{"start":{"line":42,"column":30},"end":{"line":42,"column":31}},"loc":{"start":{"line":42,"column":38},"end":{"line":49,"column":25}},"line":42},"6":{"name":"(anonymous_6)","decl":{"start":{"line":55,"column":25},"end":{"line":55,"column":26}},"loc":{"start":{"line":55,"column":31},"end":{"line":82,"column":5}},"line":55},"7":{"name":"(anonymous_7)","decl":{"start":{"line":87,"column":20},"end":{"line":87,"column":21}},"loc":{"start":{"line":87,"column":26},"end":{"line":112,"column":5}},"line":87},"8":{"name":"(anonymous_8)","decl":{"start":{"line":90,"column":80},"end":{"line":90,"column":81}},"loc":{"start":{"line":90,"column":87},"end":{"line":96,"column":9}},"line":90},"9":{"name":"(anonymous_9)","decl":{"start":{"line":98,"column":80},"end":{"line":98,"column":81}},"loc":{"start":{"line":98,"column":86},"end":{"line":104,"column":9}},"line":98},"10":{"name":"(anonymous_10)","decl":{"start":{"line":108,"column":15},"end":{"line":108,"column":16}},"loc":{"start":{"line":108,"column":21},"end":{"line":111,"column":9}},"line":108},"11":{"name":"(anonymous_11)","decl":{"start":{"line":114,"column":33},"end":{"line":114,"column":34}},"loc":{"start":{"line":114,"column":39},"end":{"line":116,"column":5}},"line":114},"12":{"name":"(anonymous_12)","decl":{"start":{"line":117,"column":40},"end":{"line":117,"column":41}},"loc":{"start":{"line":117,"column":46},"end":{"line":119,"column":5}},"line":117},"13":{"name":"EmailConfirmationDialog","decl":{"start":{"line":121,"column":13},"end":{"line":121,"column":36}},"loc":{"start":{"line":121,"column":39},"end":{"line":146,"column":5}},"line":121},"14":{"name":"(anonymous_14)","decl":{"start":{"line":124,"column":27},"end":{"line":124,"column":28}},"loc":{"start":{"line":124,"column":33},"end":{"line":127,"column":9}},"line":124},"15":{"name":"ErrorDialog","decl":{"start":{"line":148,"column":13},"end":{"line":148,"column":24}},"loc":{"start":{"line":148,"column":27},"end":{"line":173,"column":5}},"line":148},"16":{"name":"(anonymous_16)","decl":{"start":{"line":151,"column":27},"end":{"line":151,"column":28}},"loc":{"start":{"line":151,"column":33},"end":{"line":154,"column":9}},"line":151},"17":{"name":"(anonymous_17)","decl":{"start":{"line":186,"column":42},"end":{"line":186,"column":43}},"loc":{"start":{"line":186,"column":51},"end":{"line":186,"column":66}},"line":186},"18":{"name":"(anonymous_18)","decl":{"start":{"line":199,"column":42},"end":{"line":199,"column":43}},"loc":{"start":{"line":199,"column":54},"end":{"line":199,"column":75}},"line":199},"19":{"name":"(anonymous_19)","decl":{"start":{"line":214,"column":42},"end":{"line":214,"column":43}},"loc":{"start":{"line":214,"column":61},"end":{"line":214,"column":96}},"line":214},"20":{"name":"(anonymous_20)","decl":{"start":{"line":237,"column":49},"end":{"line":237,"column":50}},"loc":{"start":{"line":237,"column":55},"end":{"line":237,"column":83}},"line":237}},"branchMap":{"0":{"loc":{"start":{"line":43,"column":28},"end":{"line":48,"column":29}},"type":"if","locations":[{"start":{"line":43,"column":28},"end":{"line":48,"column":29}},{"start":{"line":46,"column":35},"end":{"line":48,"column":29}}],"line":43},"1":{"loc":{"start":{"line":57,"column":8},"end":{"line":62,"column":9}},"type":"if","locations":[{"start":{"line":57,"column":8},"end":{"line":62,"column":9}},{"start":{"line":60,"column":15},"end":{"line":62,"column":9}}],"line":57},"2":{"loc":{"start":{"line":65,"column":8},"end":{"line":70,"column":9}},"type":"if","locations":[{"start":{"line":65,"column":8},"end":{"line":70,"column":9}},{"start":{"line":68,"column":15},"end":{"line":70,"column":9}}],"line":65},"3":{"loc":{"start":{"line":73,"column":8},"end":{"line":78,"column":9}},"type":"if","locations":[{"start":{"line":73,"column":8},"end":{"line":78,"column":9}},{"start":{"line":76,"column":15},"end":{"line":78,"column":9}}],"line":73},"4":{"loc":{"start":{"line":189,"column":25},"end":{"line":190,"column":58}},"type":"cond-expr","locations":[{"start":{"line":189,"column":38},"end":{"line":189,"column":96}},{"start":{"line":190,"column":28},"end":{"line":190,"column":58}}],"line":189},"5":{"loc":{"start":{"line":204,"column":25},"end":{"line":205,"column":61}},"type":"cond-expr","locations":[{"start":{"line":204,"column":41},"end":{"line":204,"column":102}},{"start":{"line":205,"column":28},"end":{"line":205,"column":61}}],"line":204},"6":{"loc":{"start":{"line":219,"column":25},"end":{"line":220,"column":69}},"type":"cond-expr","locations":[{"start":{"line":219,"column":40},"end":{"line":219,"column":100}},{"start":{"line":220,"column":28},"end":{"line":220,"column":69}}],"line":219},"7":{"loc":{"start":{"line":221,"column":25},"end":{"line":222,"column":42}},"type":"binary-expr","locations":[{"start":{"line":221,"column":25},"end":{"line":221,"column":36}},{"start":{"line":222,"column":28},"end":{"line":222,"column":42}}],"line":221},"8":{"loc":{"start":{"line":224,"column":25},"end":{"line":224,"column":77}},"type":"binary-expr","locations":[{"start":{"line":224,"column":25},"end":{"line":224,"column":47}},{"start":{"line":224,"column":51},"end":{"line":224,"column":77}}],"line":224}},"s":{"0":12,"1":12,"2":12,"3":12,"4":12,"5":12,"6":12,"7":12,"8":12,"9":12,"10":1,"11":1,"12":1,"13":1,"14":12,"15":1,"16":1,"17":1,"18":1,"19":0,"20":1,"21":0,"22":12,"23":1,"24":0,"25":0,"26":1,"27":1,"28":0,"29":0,"30":1,"31":1,"32":0,"33":0,"34":1,"35":1,"36":12,"37":12,"38":12,"39":4,"40":0,"41":4,"42":0,"43":4,"44":4,"45":4,"46":4,"47":12,"48":0,"49":12,"50":0,"51":1,"52":1,"53":0,"54":0,"55":1,"56":0,"57":0,"58":0,"59":0,"60":0,"61":12,"62":2,"63":2,"64":2,"65":0,"66":1},"f":{"0":12,"1":1,"2":1,"3":1,"4":1,"5":1,"6":1,"7":4,"8":0,"9":0,"10":4,"11":0,"12":0,"13":1,"14":0,"15":0,"16":0,"17":2,"18":2,"19":2,"20":0},"b":{"0":[0,1],"1":[0,1],"2":[0,1],"3":[0,1],"4":[0,12],"5":[0,12],"6":[0,12],"7":[12,0],"8":[12,1]},"_coverageSchema":"1a1c01bbd47fc00a2c39e90264f33305004495a9","hash":"d5e162f15dd9bacdc9d780b88b8f98530c82a0f6"}
,"C:\\Users\\nowja\\Documents\\Projects\\planner-front\\screens\\Statistics.js": {"path":"C:\\Users\\nowja\\Documents\\Projects\\planner-front\\screens\\Statistics.js","statementMap":{"0":{"start":{"line":28,"column":21},"end":{"line":28,"column":31}},"1":{"start":{"line":29,"column":63},"end":{"line":29,"column":67}},"2":{"start":{"line":34,"column":24},"end":{"line":34,"column":34}},"3":{"start":{"line":35,"column":30},"end":{"line":35,"column":55}},"4":{"start":{"line":36,"column":27},"end":{"line":36,"column":54}},"5":{"start":{"line":37,"column":29},"end":{"line":37,"column":39}},"6":{"start":{"line":38,"column":4},"end":{"line":38,"column":64}},"7":{"start":{"line":39,"column":38},"end":{"line":39,"column":70}},"8":{"start":{"line":40,"column":34},"end":{"line":40,"column":64}},"9":{"start":{"line":44,"column":52},"end":{"line":44,"column":71}},"10":{"start":{"line":45,"column":58},"end":{"line":45,"column":77}},"11":{"start":{"line":46,"column":52},"end":{"line":46,"column":71}},"12":{"start":{"line":47,"column":50},"end":{"line":47,"column":69}},"13":{"start":{"line":48,"column":34},"end":{"line":48,"column":53}},"14":{"start":{"line":49,"column":38},"end":{"line":49,"column":57}},"15":{"start":{"line":50,"column":73},"end":{"line":58,"column":6}},"16":{"start":{"line":59,"column":67},"end":{"line":63,"column":6}},"17":{"start":{"line":64,"column":81},"end":{"line":64,"column":99}},"18":{"start":{"line":65,"column":44},"end":{"line":65,"column":65}},"19":{"start":{"line":67,"column":26},"end":{"line":67,"column":104}},"20":{"start":{"line":68,"column":24},"end":{"line":72,"column":7}},"21":{"start":{"line":73,"column":20},"end":{"line":79,"column":9}},"22":{"start":{"line":73,"column":48},"end":{"line":79,"column":7}},"23":{"start":{"line":77,"column":10},"end":{"line":77,"column":98}},"24":{"start":{"line":80,"column":20},"end":{"line":83,"column":9}},"25":{"start":{"line":80,"column":95},"end":{"line":83,"column":7}},"26":{"start":{"line":85,"column":22},"end":{"line":138,"column":5}},"27":{"start":{"line":87,"column":33},"end":{"line":87,"column":50}},"28":{"start":{"line":88,"column":8},"end":{"line":88,"column":56}},"29":{"start":{"line":90,"column":33},"end":{"line":94,"column":32}},"30":{"start":{"line":95,"column":31},"end":{"line":99,"column":32}},"31":{"start":{"line":101,"column":8},"end":{"line":137,"column":11}},"32":{"start":{"line":112,"column":28},"end":{"line":112,"column":43}},"33":{"start":{"line":114,"column":12},"end":{"line":114,"column":67}},"34":{"start":{"line":115,"column":12},"end":{"line":115,"column":73}},"35":{"start":{"line":116,"column":12},"end":{"line":116,"column":67}},"36":{"start":{"line":117,"column":12},"end":{"line":117,"column":74}},"37":{"start":{"line":118,"column":12},"end":{"line":118,"column":67}},"38":{"start":{"line":119,"column":12},"end":{"line":119,"column":71}},"39":{"start":{"line":120,"column":12},"end":{"line":120,"column":85}},"40":{"start":{"line":121,"column":12},"end":{"line":121,"column":79}},"41":{"start":{"line":122,"column":26},"end":{"line":122,"column":106}},"42":{"start":{"line":122,"column":93},"end":{"line":122,"column":102}},"43":{"start":{"line":124,"column":12},"end":{"line":131,"column":13}},"44":{"start":{"line":125,"column":16},"end":{"line":125,"column":74}},"45":{"start":{"line":126,"column":16},"end":{"line":126,"column":38}},"46":{"start":{"line":130,"column":16},"end":{"line":130,"column":39}},"47":{"start":{"line":136,"column":12},"end":{"line":136,"column":29}},"48":{"start":{"line":144,"column":4},"end":{"line":148,"column":6}},"49":{"start":{"line":146,"column":12},"end":{"line":146,"column":24}},"50":{"start":{"line":152,"column":44},"end":{"line":152,"column":64}},"51":{"start":{"line":153,"column":33},"end":{"line":157,"column":9}},"52":{"start":{"line":154,"column":12},"end":{"line":154,"column":36}},"53":{"start":{"line":155,"column":12},"end":{"line":155,"column":31}},"54":{"start":{"line":156,"column":12},"end":{"line":156,"column":24}},"55":{"start":{"line":158,"column":33},"end":{"line":161,"column":9}},"56":{"start":{"line":159,"column":12},"end":{"line":159,"column":36}},"57":{"start":{"line":160,"column":12},"end":{"line":160,"column":31}},"58":{"start":{"line":162,"column":8},"end":{"line":204,"column":10}},"59":{"start":{"line":179,"column":41},"end":{"line":179,"column":56}},"60":{"start":{"line":190,"column":41},"end":{"line":190,"column":54}},"61":{"start":{"line":206,"column":4},"end":{"line":313,"column":6}},"62":{"start":{"line":217,"column":32},"end":{"line":217,"column":72}},"63":{"start":{"line":221,"column":32},"end":{"line":221,"column":77}},"64":{"start":{"line":226,"column":32},"end":{"line":226,"column":75}},"65":{"start":{"line":233,"column":32},"end":{"line":233,"column":62}},"66":{"start":{"line":249,"column":32},"end":{"line":249,"column":72}},"67":{"start":{"line":253,"column":32},"end":{"line":253,"column":58}},"68":{"start":{"line":258,"column":32},"end":{"line":258,"column":59}},"69":{"start":{"line":263,"column":32},"end":{"line":263,"column":62}},"70":{"start":{"line":284,"column":34},"end":{"line":284,"column":118}},"71":{"start":{"line":288,"column":34},"end":{"line":288,"column":116}},"72":{"start":{"line":292,"column":34},"end":{"line":292,"column":117}},"73":{"start":{"line":298,"column":32},"end":{"line":298,"column":69}},"74":{"start":{"line":301,"column":20},"end":{"line":305,"column":22}},"75":{"start":{"line":317,"column":15},"end":{"line":324,"column":2}}},"fnMap":{"0":{"name":"StatisticsScreen","decl":{"start":{"line":26,"column":9},"end":{"line":26,"column":25}},"loc":{"start":{"line":26,"column":57},"end":{"line":314,"column":3}},"line":26},"1":{"name":"(anonymous_1)","decl":{"start":{"line":73,"column":38},"end":{"line":73,"column":39}},"loc":{"start":{"line":73,"column":48},"end":{"line":79,"column":7}},"line":73},"2":{"name":"(anonymous_2)","decl":{"start":{"line":76,"column":27},"end":{"line":76,"column":28}},"loc":{"start":{"line":77,"column":10},"end":{"line":77,"column":98}},"line":77},"3":{"name":"(anonymous_3)","decl":{"start":{"line":80,"column":64},"end":{"line":80,"column":65}},"loc":{"start":{"line":80,"column":95},"end":{"line":83,"column":7}},"line":80},"4":{"name":"(anonymous_4)","decl":{"start":{"line":85,"column":22},"end":{"line":85,"column":23}},"loc":{"start":{"line":85,"column":34},"end":{"line":138,"column":5}},"line":85},"5":{"name":"(anonymous_5)","decl":{"start":{"line":112,"column":16},"end":{"line":112,"column":17}},"loc":{"start":{"line":112,"column":28},"end":{"line":112,"column":43}},"line":112},"6":{"name":"(anonymous_6)","decl":{"start":{"line":113,"column":14},"end":{"line":113,"column":15}},"loc":{"start":{"line":113,"column":22},"end":{"line":133,"column":9}},"line":113},"7":{"name":"(anonymous_7)","decl":{"start":{"line":122,"column":79},"end":{"line":122,"column":80}},"loc":{"start":{"line":122,"column":93},"end":{"line":122,"column":102}},"line":122},"8":{"name":"(anonymous_8)","decl":{"start":{"line":134,"column":15},"end":{"line":134,"column":16}},"loc":{"start":{"line":135,"column":8},"end":{"line":137,"column":9}},"line":135},"9":{"name":"(anonymous_9)","decl":{"start":{"line":145,"column":26},"end":{"line":145,"column":27}},"loc":{"start":{"line":145,"column":32},"end":{"line":147,"column":9}},"line":145},"10":{"name":"CalendarModal","decl":{"start":{"line":151,"column":13},"end":{"line":151,"column":26}},"loc":{"start":{"line":151,"column":29},"end":{"line":205,"column":5}},"line":151},"11":{"name":"(anonymous_11)","decl":{"start":{"line":153,"column":33},"end":{"line":153,"column":34}},"loc":{"start":{"line":153,"column":39},"end":{"line":157,"column":9}},"line":153},"12":{"name":"(anonymous_12)","decl":{"start":{"line":158,"column":33},"end":{"line":158,"column":34}},"loc":{"start":{"line":158,"column":39},"end":{"line":161,"column":9}},"line":158},"13":{"name":"(anonymous_13)","decl":{"start":{"line":179,"column":34},"end":{"line":179,"column":35}},"loc":{"start":{"line":179,"column":41},"end":{"line":179,"column":56}},"line":179},"14":{"name":"(anonymous_14)","decl":{"start":{"line":190,"column":34},"end":{"line":190,"column":35}},"loc":{"start":{"line":190,"column":41},"end":{"line":190,"column":54}},"line":190},"15":{"name":"(anonymous_15)","decl":{"start":{"line":217,"column":26},"end":{"line":217,"column":27}},"loc":{"start":{"line":217,"column":32},"end":{"line":217,"column":72}},"line":217},"16":{"name":"(anonymous_16)","decl":{"start":{"line":221,"column":26},"end":{"line":221,"column":27}},"loc":{"start":{"line":221,"column":32},"end":{"line":221,"column":77}},"line":221},"17":{"name":"(anonymous_17)","decl":{"start":{"line":226,"column":26},"end":{"line":226,"column":27}},"loc":{"start":{"line":226,"column":32},"end":{"line":226,"column":75}},"line":226},"18":{"name":"(anonymous_18)","decl":{"start":{"line":233,"column":26},"end":{"line":233,"column":27}},"loc":{"start":{"line":233,"column":32},"end":{"line":233,"column":62}},"line":233},"19":{"name":"(anonymous_19)","decl":{"start":{"line":249,"column":26},"end":{"line":249,"column":27}},"loc":{"start":{"line":249,"column":32},"end":{"line":249,"column":72}},"line":249},"20":{"name":"(anonymous_20)","decl":{"start":{"line":253,"column":26},"end":{"line":253,"column":27}},"loc":{"start":{"line":253,"column":32},"end":{"line":253,"column":58}},"line":253},"21":{"name":"(anonymous_21)","decl":{"start":{"line":258,"column":26},"end":{"line":258,"column":27}},"loc":{"start":{"line":258,"column":32},"end":{"line":258,"column":59}},"line":258},"22":{"name":"(anonymous_22)","decl":{"start":{"line":263,"column":26},"end":{"line":263,"column":27}},"loc":{"start":{"line":263,"column":32},"end":{"line":263,"column":62}},"line":263},"23":{"name":"(anonymous_23)","decl":{"start":{"line":284,"column":26},"end":{"line":284,"column":27}},"loc":{"start":{"line":284,"column":34},"end":{"line":284,"column":118}},"line":284},"24":{"name":"(anonymous_24)","decl":{"start":{"line":288,"column":26},"end":{"line":288,"column":27}},"loc":{"start":{"line":288,"column":34},"end":{"line":288,"column":116}},"line":288},"25":{"name":"(anonymous_25)","decl":{"start":{"line":292,"column":26},"end":{"line":292,"column":27}},"loc":{"start":{"line":292,"column":34},"end":{"line":292,"column":117}},"line":292},"26":{"name":"(anonymous_26)","decl":{"start":{"line":298,"column":26},"end":{"line":298,"column":27}},"loc":{"start":{"line":298,"column":32},"end":{"line":298,"column":69}},"line":298},"27":{"name":"(anonymous_27)","decl":{"start":{"line":300,"column":86},"end":{"line":300,"column":87}},"loc":{"start":{"line":301,"column":20},"end":{"line":305,"column":22}},"line":301}},"branchMap":{"0":{"loc":{"start":{"line":124,"column":12},"end":{"line":131,"column":13}},"type":"if","locations":[{"start":{"line":124,"column":12},"end":{"line":131,"column":13}},{"start":{"line":129,"column":16},"end":{"line":131,"column":13}}],"line":124},"1":{"loc":{"start":{"line":265,"column":13},"end":{"line":278,"column":19}},"type":"binary-expr","locations":[{"start":{"line":265,"column":13},"end":{"line":265,"column":25}},{"start":{"line":266,"column":12},"end":{"line":278,"column":19}}],"line":265},"2":{"loc":{"start":{"line":300,"column":17},"end":{"line":306,"column":18}},"type":"binary-expr","locations":[{"start":{"line":300,"column":17},"end":{"line":300,"column":47}},{"start":{"line":300,"column":51},"end":{"line":306,"column":18}}],"line":300},"3":{"loc":{"start":{"line":309,"column":13},"end":{"line":309,"column":41}},"type":"binary-expr","locations":[{"start":{"line":309,"column":13},"end":{"line":309,"column":21}},{"start":{"line":309,"column":25},"end":{"line":309,"column":41}}],"line":309}},"s":{"0":1,"1":1,"2":1,"3":1,"4":1,"5":1,"6":1,"7":1,"8":1,"9":1,"10":1,"11":1,"12":1,"13":1,"14":1,"15":1,"16":1,"17":1,"18":1,"19":1,"20":1,"21":1,"22":7,"23":7,"24":1,"25":3,"26":1,"27":0,"28":0,"29":0,"30":0,"31":0,"32":0,"33":0,"34":0,"35":0,"36":0,"37":0,"38":0,"39":0,"40":0,"41":0,"42":0,"43":0,"44":0,"45":0,"46":0,"47":0,"48":1,"49":0,"50":0,"51":0,"52":0,"53":0,"54":0,"55":0,"56":0,"57":0,"58":0,"59":0,"60":0,"61":1,"62":1,"63":1,"64":1,"65":1,"66":1,"67":1,"68":1,"69":1,"70":1,"71":1,"72":1,"73":1,"74":0,"75":1},"f":{"0":1,"1":7,"2":7,"3":3,"4":0,"5":0,"6":0,"7":0,"8":0,"9":0,"10":0,"11":0,"12":0,"13":0,"14":0,"15":1,"16":1,"17":1,"18":1,"19":1,"20":1,"21":1,"22":1,"23":1,"24":1,"25":1,"26":1,"27":0},"b":{"0":[0,0],"1":[1,0],"2":[1,1],"3":[1,0]},"_coverageSchema":"1a1c01bbd47fc00a2c39e90264f33305004495a9","hash":"ab625e268c6bbbd1360d7ff05bb93ed08343cdd6"}
}
