TN:
SF:config.js
FNF:0
FNH:0
DA:1,4
LF:1
LH:1
BRF:0
BRH:0
end_of_record
TN:
SF:screens\Login.js
FN:24,LoginScreen
FN:42,(anonymous_1)
FN:46,(anonymous_2)
FN:50,(anonymous_3)
FN:54,isValidPassword
FN:59,isValidEmail
FN:64,(anonymous_6)
FN:74,(anonymous_7)
FN:76,(anonymous_8)
FN:85,(anonymous_9)
FN:97,(anonymous_10)
FN:119,(anonymous_11)
FN:120,(anonymous_12)
FN:128,(anonymous_13)
FN:136,(anonymous_14)
FN:143,(anonymous_15)
FN:153,(anonymous_16)
FN:154,(anonymous_17)
FN:158,(anonymous_18)
FN:162,ChangeEmailDialog
FN:165,(anonymous_20)
FN:170,(anonymous_21)
FN:179,(anonymous_22)
FN:180,(anonymous_23)
FN:188,(anonymous_24)
FN:196,(anonymous_25)
FN:225,(anonymous_26)
FN:239,ErrorDialog
FN:242,(anonymous_28)
FN:266,ForgotPasswordDialog
FN:269,(anonymous_30)
FN:293,LoadingDialog
FN:320,(anonymous_32)
FN:333,(anonymous_33)
FN:360,(anonymous_34)
FN:366,(anonymous_35)
FNF:36
FNH:12
FNDA:10,LoginScreen
FNDA:0,(anonymous_1)
FNDA:0,(anonymous_2)
FNDA:0,(anonymous_3)
FNDA:1,isValidPassword
FNDA:1,isValidEmail
FNDA:1,(anonymous_6)
FNDA:1,(anonymous_7)
FNDA:1,(anonymous_8)
FNDA:0,(anonymous_9)
FNDA:1,(anonymous_10)
FNDA:4,(anonymous_11)
FNDA:0,(anonymous_12)
FNDA:0,(anonymous_13)
FNDA:4,(anonymous_14)
FNDA:0,(anonymous_15)
FNDA:0,(anonymous_16)
FNDA:0,(anonymous_17)
FNDA:0,(anonymous_18)
FNDA:0,ChangeEmailDialog
FNDA:0,(anonymous_20)
FNDA:0,(anonymous_21)
FNDA:0,(anonymous_22)
FNDA:0,(anonymous_23)
FNDA:0,(anonymous_24)
FNDA:0,(anonymous_25)
FNDA:0,(anonymous_26)
FNDA:0,ErrorDialog
FNDA:0,(anonymous_28)
FNDA:0,ForgotPasswordDialog
FNDA:0,(anonymous_30)
FNDA:1,LoadingDialog
FNDA:2,(anonymous_32)
FNDA:2,(anonymous_33)
FNDA:0,(anonymous_34)
FNDA:0,(anonymous_35)
DA:26,10
DA:28,10
DA:29,10
DA:30,10
DA:31,10
DA:32,10
DA:34,10
DA:35,10
DA:36,10
DA:37,10
DA:40,10
DA:42,10
DA:43,0
DA:46,10
DA:47,0
DA:50,10
DA:51,0
DA:55,1
DA:56,1
DA:60,1
DA:61,1
DA:64,10
DA:66,1
DA:67,1
DA:75,1
DA:77,1
DA:79,0
DA:80,0
DA:83,1
DA:84,1
DA:85,1
DA:86,0
DA:87,0
DA:94,0
DA:97,10
DA:99,1
DA:100,0
DA:101,0
DA:103,1
DA:107,1
DA:108,0
DA:109,0
DA:111,1
DA:114,1
DA:116,10
DA:117,10
DA:119,10
DA:120,4
DA:121,0
DA:128,4
DA:129,0
DA:136,4
DA:137,4
DA:138,4
DA:143,10
DA:144,0
DA:153,0
DA:155,0
DA:156,0
DA:163,0
DA:164,0
DA:165,0
DA:166,0
DA:167,0
DA:168,0
DA:170,0
DA:171,0
DA:172,0
DA:175,0
DA:177,0
DA:179,0
DA:180,0
DA:181,0
DA:188,0
DA:189,0
DA:196,0
DA:197,0
DA:198,0
DA:203,0
DA:225,0
DA:240,0
DA:242,0
DA:243,0
DA:244,0
DA:247,0
DA:267,0
DA:269,0
DA:270,0
DA:271,0
DA:274,0
DA:295,1
DA:309,10
DA:320,2
DA:333,2
DA:360,0
DA:366,0
DA:376,1
LF:97
LH:46
BRDA:77,0,0,0
BRDA:77,0,1,1
BRDA:99,1,0,0
BRDA:99,1,1,1
BRDA:107,2,0,0
BRDA:107,2,1,1
BRDA:323,3,0,0
BRDA:323,3,1,10
BRDA:338,4,0,0
BRDA:338,4,1,10
BRDA:346,5,0,10
BRDA:346,5,1,0
BRDA:350,6,0,10
BRDA:350,6,1,1
BRDA:353,7,0,10
BRDA:353,7,1,0
BRDA:354,8,0,10
BRDA:354,8,1,0
BRF:18
BRH:10
end_of_record
TN:
SF:screens\Profile.js
FN:7,ProfileScreen
FN:16,(anonymous_1)
FN:21,(anonymous_2)
FN:26,(anonymous_3)
FN:31,(anonymous_4)
FN:43,(anonymous_5)
FN:44,(anonymous_6)
FN:46,(anonymous_7)
FN:49,(anonymous_8)
FN:60,(anonymous_9)
FN:61,(anonymous_10)
FN:64,(anonymous_11)
FN:67,(anonymous_12)
FN:84,ChangeEmailDialog
FN:87,(anonymous_14)
FN:92,(anonymous_15)
FN:101,(anonymous_16)
FN:102,(anonymous_17)
FN:110,(anonymous_18)
FN:118,(anonymous_19)
FN:147,(anonymous_20)
FN:161,ChangePasswordDialog
FN:166,(anonymous_22)
FN:169,(anonymous_23)
FN:173,(anonymous_24)
FN:180,(anonymous_25)
FN:189,(anonymous_26)
FN:190,(anonymous_27)
FN:198,(anonymous_28)
FN:206,(anonymous_29)
FN:237,(anonymous_30)
FN:246,(anonymous_31)
FN:260,DeleteDialog
FN:262,(anonymous_33)
FN:267,(anonymous_34)
FN:314,(anonymous_35)
FN:321,(anonymous_36)
FN:327,(anonymous_37)
FN:332,(anonymous_38)
FN:333,(anonymous_39)
FNF:40
FNH:29
FNDA:13,ProfileScreen
FNDA:1,(anonymous_1)
FNDA:1,(anonymous_2)
FNDA:1,(anonymous_3)
FNDA:1,(anonymous_4)
FNDA:1,(anonymous_5)
FNDA:1,(anonymous_6)
FNDA:0,(anonymous_7)
FNDA:1,(anonymous_8)
FNDA:1,(anonymous_9)
FNDA:1,(anonymous_10)
FNDA:1,(anonymous_11)
FNDA:1,(anonymous_12)
FNDA:2,ChangeEmailDialog
FNDA:1,(anonymous_14)
FNDA:0,(anonymous_15)
FNDA:1,(anonymous_16)
FNDA:0,(anonymous_17)
FNDA:0,(anonymous_18)
FNDA:1,(anonymous_19)
FNDA:1,(anonymous_20)
FNDA:3,ChangePasswordDialog
FNDA:0,(anonymous_22)
FNDA:0,(anonymous_23)
FNDA:1,(anonymous_24)
FNDA:0,(anonymous_25)
FNDA:1,(anonymous_26)
FNDA:0,(anonymous_27)
FNDA:0,(anonymous_28)
FNDA:1,(anonymous_29)
FNDA:1,(anonymous_30)
FNDA:1,(anonymous_31)
FNDA:1,DeleteDialog
FNDA:1,(anonymous_33)
FNDA:0,(anonymous_34)
FNDA:13,(anonymous_35)
FNDA:13,(anonymous_36)
FNDA:13,(anonymous_37)
FNDA:0,(anonymous_38)
FNDA:13,(anonymous_39)
DA:9,13
DA:10,13
DA:11,13
DA:12,13
DA:15,13
DA:16,13
DA:17,1
DA:20,13
DA:21,13
DA:22,1
DA:25,13
DA:26,13
DA:27,1
DA:31,13
DA:32,1
DA:43,1
DA:49,13
DA:50,1
DA:60,1
DA:62,1
DA:67,13
DA:68,1
DA:69,1
DA:77,1
DA:78,1
DA:85,2
DA:86,2
DA:87,2
DA:88,1
DA:89,1
DA:90,1
DA:92,2
DA:93,0
DA:94,0
DA:97,2
DA:99,2
DA:101,2
DA:102,1
DA:103,0
DA:110,1
DA:111,0
DA:118,1
DA:119,1
DA:120,1
DA:125,2
DA:147,1
DA:162,3
DA:163,3
DA:164,3
DA:165,3
DA:166,3
DA:167,0
DA:169,3
DA:170,0
DA:172,3
DA:173,3
DA:174,1
DA:175,1
DA:176,1
DA:177,1
DA:178,1
DA:180,3
DA:181,0
DA:182,0
DA:185,3
DA:187,3
DA:189,3
DA:190,1
DA:191,0
DA:198,1
DA:199,0
DA:206,1
DA:207,1
DA:208,1
DA:213,3
DA:237,1
DA:246,1
DA:261,1
DA:262,1
DA:263,1
DA:264,1
DA:265,1
DA:267,1
DA:268,0
DA:269,0
DA:271,1
DA:299,13
DA:314,13
DA:321,13
DA:327,13
DA:332,0
DA:333,13
DA:342,1
LF:93
LH:80
BRDA:302,0,0,13
BRDA:302,0,1,1
BRDA:303,1,0,13
BRDA:303,1,1,1
BRDA:304,2,0,13
BRDA:304,2,1,1
BRF:6
BRH:6
end_of_record
TN:
SF:screens\Signup.js
FN:7,SignUpScreen
FN:21,isValidPassword
FN:26,isValidEmail
FN:31,(anonymous_3)
FN:40,(anonymous_4)
FN:42,(anonymous_5)
FN:55,(anonymous_6)
FN:87,(anonymous_7)
FN:90,(anonymous_8)
FN:98,(anonymous_9)
FN:108,(anonymous_10)
FN:114,(anonymous_11)
FN:117,(anonymous_12)
FN:121,EmailConfirmationDialog
FN:124,(anonymous_14)
FN:148,ErrorDialog
FN:151,(anonymous_16)
FN:186,(anonymous_17)
FN:199,(anonymous_18)
FN:214,(anonymous_19)
FN:237,(anonymous_20)
FNF:21
FNH:13
FNDA:12,SignUpScreen
FNDA:1,isValidPassword
FNDA:1,isValidEmail
FNDA:1,(anonymous_3)
FNDA:1,(anonymous_4)
FNDA:1,(anonymous_5)
FNDA:1,(anonymous_6)
FNDA:4,(anonymous_7)
FNDA:0,(anonymous_8)
FNDA:0,(anonymous_9)
FNDA:4,(anonymous_10)
FNDA:0,(anonymous_11)
FNDA:0,(anonymous_12)
FNDA:1,EmailConfirmationDialog
FNDA:0,(anonymous_14)
FNDA:0,ErrorDialog
FNDA:0,(anonymous_16)
FNDA:2,(anonymous_17)
FNDA:2,(anonymous_18)
FNDA:2,(anonymous_19)
FNDA:0,(anonymous_20)
DA:9,12
DA:10,12
DA:11,12
DA:12,12
DA:13,12
DA:14,12
DA:16,12
DA:17,12
DA:18,12
DA:19,12
DA:22,1
DA:23,1
DA:27,1
DA:28,1
DA:31,12
DA:32,1
DA:33,1
DA:41,1
DA:43,1
DA:45,0
DA:47,1
DA:52,0
DA:55,12
DA:57,1
DA:58,0
DA:59,0
DA:61,1
DA:65,1
DA:66,0
DA:67,0
DA:69,1
DA:73,1
DA:74,0
DA:75,0
DA:77,1
DA:81,1
DA:84,12
DA:85,12
DA:87,12
DA:90,4
DA:91,0
DA:98,4
DA:99,0
DA:106,4
DA:108,4
DA:109,4
DA:110,4
DA:114,12
DA:115,0
DA:117,12
DA:118,0
DA:122,1
DA:124,1
DA:125,0
DA:126,0
DA:129,1
DA:149,0
DA:151,0
DA:152,0
DA:153,0
DA:156,0
DA:175,12
DA:186,2
DA:199,2
DA:214,2
DA:237,0
DA:246,1
LF:67
LH:47
BRDA:43,0,0,0
BRDA:43,0,1,1
BRDA:57,1,0,0
BRDA:57,1,1,1
BRDA:65,2,0,0
BRDA:65,2,1,1
BRDA:73,3,0,0
BRDA:73,3,1,1
BRDA:189,4,0,0
BRDA:189,4,1,12
BRDA:204,5,0,0
BRDA:204,5,1,12
BRDA:219,6,0,0
BRDA:219,6,1,12
BRDA:221,7,0,12
BRDA:221,7,1,0
BRDA:224,8,0,12
BRDA:224,8,1,1
BRF:18
BRH:10
end_of_record
TN:
SF:screens\Statistics.js
FN:26,StatisticsScreen
FN:73,(anonymous_1)
FN:76,(anonymous_2)
FN:80,(anonymous_3)
FN:85,(anonymous_4)
FN:112,(anonymous_5)
FN:113,(anonymous_6)
FN:122,(anonymous_7)
FN:134,(anonymous_8)
FN:145,(anonymous_9)
FN:151,CalendarModal
FN:153,(anonymous_11)
FN:158,(anonymous_12)
FN:179,(anonymous_13)
FN:190,(anonymous_14)
FN:217,(anonymous_15)
FN:221,(anonymous_16)
FN:226,(anonymous_17)
FN:233,(anonymous_18)
FN:249,(anonymous_19)
FN:253,(anonymous_20)
FN:258,(anonymous_21)
FN:263,(anonymous_22)
FN:284,(anonymous_23)
FN:288,(anonymous_24)
FN:292,(anonymous_25)
FN:298,(anonymous_26)
FN:300,(anonymous_27)
FNF:28
FNH:16
FNDA:1,StatisticsScreen
FNDA:7,(anonymous_1)
FNDA:7,(anonymous_2)
FNDA:3,(anonymous_3)
FNDA:0,(anonymous_4)
FNDA:0,(anonymous_5)
FNDA:0,(anonymous_6)
FNDA:0,(anonymous_7)
FNDA:0,(anonymous_8)
FNDA:0,(anonymous_9)
FNDA:0,CalendarModal
FNDA:0,(anonymous_11)
FNDA:0,(anonymous_12)
FNDA:0,(anonymous_13)
FNDA:0,(anonymous_14)
FNDA:1,(anonymous_15)
FNDA:1,(anonymous_16)
FNDA:1,(anonymous_17)
FNDA:1,(anonymous_18)
FNDA:1,(anonymous_19)
FNDA:1,(anonymous_20)
FNDA:1,(anonymous_21)
FNDA:1,(anonymous_22)
FNDA:1,(anonymous_23)
FNDA:1,(anonymous_24)
FNDA:1,(anonymous_25)
FNDA:1,(anonymous_26)
FNDA:0,(anonymous_27)
DA:28,1
DA:29,1
DA:34,1
DA:35,1
DA:36,1
DA:37,1
DA:38,1
DA:39,1
DA:40,1
DA:44,1
DA:45,1
DA:46,1
DA:47,1
DA:48,1
DA:49,1
DA:50,1
DA:59,1
DA:64,1
DA:65,1
DA:67,1
DA:68,1
DA:73,7
DA:77,7
DA:80,3
DA:85,1
DA:87,0
DA:88,0
DA:90,0
DA:95,0
DA:101,0
DA:112,0
DA:114,0
DA:115,0
DA:116,0
DA:117,0
DA:118,0
DA:119,0
DA:120,0
DA:121,0
DA:122,0
DA:124,0
DA:125,0
DA:126,0
DA:130,0
DA:136,0
DA:144,1
DA:146,0
DA:152,0
DA:153,0
DA:154,0
DA:155,0
DA:156,0
DA:158,0
DA:159,0
DA:160,0
DA:162,0
DA:179,0
DA:190,0
DA:206,1
DA:217,1
DA:221,1
DA:226,1
DA:233,1
DA:249,1
DA:253,1
DA:258,1
DA:263,1
DA:284,1
DA:288,1
DA:292,1
DA:298,1
DA:301,0
DA:317,1
LF:73
LH:40
BRDA:124,0,0,0
BRDA:124,0,1,0
BRDA:265,1,0,1
BRDA:265,1,1,0
BRDA:300,2,0,1
BRDA:300,2,1,1
BRDA:309,3,0,1
BRDA:309,3,1,0
BRF:8
BRH:4
end_of_record
